Who searched what, when2026-02-26 11:41:58 - INFO - GET /movies/genre 2026-02-26 11:41:58.060622)
2026-02-26 11:41:58 - INFO - GET /movies/genre 2026-02-26 11:41:58.071163)
2026-02-26 11:41:58 - INFO - GET /movies/genre 2026-02-26 11:41:58.072039)
2026-02-26 11:41:58 - INFO - GET /movies/genre 2026-02-26 11:41:58.072177)
2026-02-26 11:41:58 - INFO - GET /movies/genre 2026-02-26 11:41:58.072318)
2026-02-26 11:41:58 - INFO - GET /movies/genre 2026-02-26 11:41:58.074036)
2026-02-26 11:41:58 - INFO - GET /movies/genre 2026-02-26 11:41:58.086247)
2026-02-26 11:41:58 - INFO - GET /movies/genre 2026-02-26 11:41:58.108762)
2026-02-26 11:41:58 - INFO - GET /movies/genre 2026-02-26 11:41:58.111754)
2026-02-26 11:41:58 - INFO - GET /movies/genre 2026-02-26 11:41:58.118785)
2026-02-26 11:41:58 - INFO - GET /movies/genre 2026-02-26 11:41:58.120700)
2026-02-26 11:41:58 - INFO - GET /movies/genre 2026-02-26 11:41:58.121027)
2026-02-26 11:41:58 - INFO - GET /movies/genre 2026-02-26 11:41:58.126367)
2026-02-26 11:41:58 - INFO - GET /movies/genre 2026-02-26 11:41:58.139607)
2026-02-26 11:41:58 - INFO - GET /movies/genre 2026-02-26 11:41:58.148790)
2026-02-26 11:41:58 - INFO - GET /movies/genre 2026-02-26 11:41:58.149850)
2026-02-26 11:42:40 - INFO - POST /auth/signup 2026-02-26 11:42:40.422005)
2026-02-26 11:42:40 - INFO - POST /auth/login 2026-02-26 11:42:40.432033)
2026-02-26 11:42:40 - INFO - GET /movies/genre 2026-02-26 11:42:40.574231)
2026-02-26 11:42:40 - INFO - GET /movies/genre 2026-02-26 11:42:40.585127)
2026-02-26 11:42:40 - INFO - GET /movies/genre 2026-02-26 11:42:40.585300)
2026-02-26 11:42:40 - INFO - GET /movies/genre 2026-02-26 11:42:40.585361)
2026-02-26 11:42:40 - INFO - GET /movies/genre 2026-02-26 11:42:40.585839)
2026-02-26 11:42:40 - INFO - GET /movies/genre 2026-02-26 11:42:40.592051)
2026-02-26 11:42:40 - INFO - GET /movies/genre 2026-02-26 11:42:40.611302)
2026-02-26 11:42:40 - INFO - GET /movies/genre 2026-02-26 11:42:40.616028)
2026-02-26 11:42:40 - INFO - GET /movies/genre 2026-02-26 11:42:40.626814)
2026-02-26 11:42:40 - INFO - GET /movies/genre 2026-02-26 11:42:40.629827)
2026-02-26 11:42:40 - INFO - GET /movies/genre 2026-02-26 11:42:40.629964)
2026-02-26 11:42:40 - INFO - GET /movies/genre 2026-02-26 11:42:40.632958)
2026-02-26 11:42:40 - INFO - GET /movies/genre 2026-02-26 11:42:40.647684)
2026-02-26 11:42:40 - INFO - GET /movies/genre 2026-02-26 11:42:40.648119)
2026-02-26 11:42:40 - INFO - GET /movies/genre 2026-02-26 11:42:40.658609)
2026-02-26 11:42:40 - INFO - GET /movies/genre 2026-02-26 11:42:40.663344)
2026-02-26 11:42:47 - INFO - POST /auth/login 2026-02-26 11:42:47.209440)
2026-02-26 11:42:47 - INFO - GET /movies/genre 2026-02-26 11:42:47.291168)
2026-02-26 11:42:47 - INFO - GET /movies/genre 2026-02-26 11:42:47.294770)
2026-02-26 11:42:47 - INFO - GET /movies/genre 2026-02-26 11:42:47.307602)
2026-02-26 11:42:47 - INFO - GET /movies/genre 2026-02-26 11:42:47.312079)
2026-02-26 11:42:47 - INFO - GET /movies/genre 2026-02-26 11:42:47.313369)
2026-02-26 11:42:47 - INFO - GET /movies/genre 2026-02-26 11:42:47.313678)
2026-02-26 11:42:47 - INFO - GET /movies/genre 2026-02-26 11:42:47.329725)
2026-02-26 11:42:47 - INFO - GET /movies/genre 2026-02-26 11:42:47.331748)
2026-02-26 11:42:47 - INFO - GET /movies/genre 2026-02-26 11:42:47.346870)
2026-02-26 11:42:47 - INFO - GET /movies/genre 2026-02-26 11:42:47.348775)
2026-02-26 11:42:47 - INFO - GET /movies/genre 2026-02-26 11:42:47.359253)
2026-02-26 11:42:47 - INFO - GET /movies/genre 2026-02-26 11:42:47.359504)
2026-02-26 11:42:47 - INFO - GET /movies/genre 2026-02-26 11:42:47.368906)
2026-02-26 11:42:47 - INFO - GET /movies/genre 2026-02-26 11:42:47.372664)
2026-02-26 11:42:47 - INFO - GET /movies/genre 2026-02-26 11:42:47.386350)
2026-02-26 11:42:47 - INFO - GET /movies/genre 2026-02-26 11:42:47.386596)
2026-02-26 11:43:13 - INFO - GET /user/favourites 2026-02-26 11:43:13.060950)
2026-02-26 11:43:13 - INFO - GET /movies/recommend 2026-02-26 11:43:13.062750)
2026-02-26 11:43:13 - INFO - GET /user/favourites 2026-02-26 11:43:13.071665)
2026-02-26 11:43:13 - INFO - GET /movies/recommend 2026-02-26 11:43:13.072474)
2026-02-26 11:43:18 - INFO - POST /user/favourites 2026-02-26 11:43:18.439573)
2026-02-26 11:43:23 - INFO - GET /user/profile 2026-02-26 11:43:23.999518)
2026-02-26 11:43:23 - INFO - GET /user/favourites 2026-02-26 11:43:23.999807)
2026-02-26 11:43:23 - INFO - GET /user/history 2026-02-26 11:43:23.999877)
2026-02-26 11:43:24 - INFO - GET /user/profile 2026-02-26 11:43:24.010579)
2026-02-26 11:43:24 - INFO - GET /user/history 2026-02-26 11:43:24.011423)
2026-02-26 11:43:24 - INFO - GET /user/favourites 2026-02-26 11:43:24.011740)
2026-02-26 11:43:43 - INFO - DELETE /user/favourites 2026-02-26 11:43:43.750245)
2026-02-26 11:43:47 - INFO - DELETE /user/history 2026-02-26 11:43:47.822955)
2026-02-26 11:44:16 - INFO - GET /movies/search 2026-02-26 11:44:16.828389)
2026-02-26 11:44:16 - INFO - GET /movies/search 2026-02-26 11:44:16.835036)
2026-02-26 11:44:21 - INFO - GET /user/profile 2026-02-26 11:44:21.552596)
2026-02-26 11:44:21 - INFO - GET /user/favourites 2026-02-26 11:44:21.553116)
2026-02-26 11:44:21 - INFO - GET /user/history 2026-02-26 11:44:21.554234)
2026-02-26 11:44:21 - INFO - GET /user/profile 2026-02-26 11:44:21.562017)
2026-02-26 11:44:21 - INFO - GET /user/favourites 2026-02-26 11:44:21.562799)
2026-02-26 11:44:21 - INFO - GET /user/history 2026-02-26 11:44:21.563506)
2026-02-26 11:44:22 - INFO - GET /movies/genre 2026-02-26 11:44:22.369534)
2026-02-26 11:44:22 - INFO - GET /movies/genre 2026-02-26 11:44:22.380712)
2026-02-26 11:44:22 - INFO - GET /movies/genre 2026-02-26 11:44:22.387763)
2026-02-26 11:44:22 - INFO - GET /movies/genre 2026-02-26 11:44:22.390008)
2026-02-26 11:44:22 - INFO - GET /movies/genre 2026-02-26 11:44:22.390501)
2026-02-26 11:44:22 - INFO - GET /movies/genre 2026-02-26 11:44:22.390967)
2026-02-26 11:44:22 - INFO - GET /movies/genre 2026-02-26 11:44:22.403851)
2026-02-26 11:44:22 - INFO - GET /movies/genre 2026-02-26 11:44:22.404241)
2026-02-26 11:44:22 - INFO - GET /movies/genre 2026-02-26 11:44:22.420383)
2026-02-26 11:44:22 - INFO - GET /movies/genre 2026-02-26 11:44:22.422773)
2026-02-26 11:44:22 - INFO - GET /movies/genre 2026-02-26 11:44:22.426318)
2026-02-26 11:44:22 - INFO - GET /movies/genre 2026-02-26 11:44:22.427661)
2026-02-26 11:44:22 - INFO - GET /movies/genre 2026-02-26 11:44:22.440123)
2026-02-26 11:44:22 - INFO - GET /movies/genre 2026-02-26 11:44:22.444074)
2026-02-26 11:44:22 - INFO - GET /movies/genre 2026-02-26 11:44:22.453282)
2026-02-26 11:44:22 - INFO - GET /movies/genre 2026-02-26 11:44:22.454951)
2026-02-26 11:45:08 - INFO - GET /user/favourites 2026-02-26 11:45:08.930762)
2026-02-26 11:45:08 - INFO - GET /movies/recommend 2026-02-26 11:45:08.932027)
2026-02-26 11:45:08 - INFO - GET /user/favourites 2026-02-26 11:45:08.947169)
2026-02-26 11:45:08 - INFO - GET /movies/recommend 2026-02-26 11:45:08.949153)
2026-02-26 11:45:12 - INFO - GET /movies/details 2026-02-26 11:45:12.891440)
2026-02-26 11:45:12 - INFO - GET /user/favourites 2026-02-26 11:45:12.950815)
2026-02-26 11:45:12 - INFO - GET /movies/recommend 2026-02-26 11:45:12.951800)
2026-02-26 11:45:15 - INFO - GET /movies/details 2026-02-26 11:45:15.745793)
2026-02-26 11:45:15 - INFO - GET /user/favourites 2026-02-26 11:45:15.794926)
2026-02-26 11:45:15 - INFO - GET /movies/recommend 2026-02-26 11:45:15.796072)
2026-02-26 11:55:19 - INFO - GET /movies/genre 2026-02-26 11:55:19.688268)
2026-02-26 11:55:19 - INFO - GET /movies/genre 2026-02-26 11:55:19.699909)
2026-02-26 11:55:19 - INFO - GET /movies/genre 2026-02-26 11:55:19.701148)
2026-02-26 11:55:19 - INFO - GET /movies/genre 2026-02-26 11:55:19.701595)
2026-02-26 11:55:19 - INFO - GET /movies/genre 2026-02-26 11:55:19.701915)
2026-02-26 11:55:19 - INFO - GET /movies/genre 2026-02-26 11:55:19.705648)
2026-02-26 11:55:19 - INFO - GET /movies/genre 2026-02-26 11:55:19.720283)
2026-02-26 11:55:19 - INFO - GET /movies/genre 2026-02-26 11:55:19.736480)
2026-02-26 11:55:19 - INFO - GET /movies/genre 2026-02-26 11:55:19.740156)
2026-02-26 11:55:19 - INFO - GET /movies/genre 2026-02-26 11:55:19.740612)
2026-02-26 11:55:19 - INFO - GET /movies/genre 2026-02-26 11:55:19.744318)
2026-02-26 11:55:19 - INFO - GET /movies/genre 2026-02-26 11:55:19.744992)
2026-02-26 11:55:19 - INFO - GET /movies/genre 2026-02-26 11:55:19.757972)
2026-02-26 11:55:19 - INFO - GET /movies/genre 2026-02-26 11:55:19.772598)
2026-02-26 11:55:19 - INFO - GET /movies/genre 2026-02-26 11:55:19.773702)
2026-02-26 11:55:19 - INFO - GET /movies/genre 2026-02-26 11:55:19.775723)
2026-02-26 11:55:35 - INFO - POST /auth/login 2026-02-26 11:55:35.271619)
2026-02-26 11:55:48 - INFO - POST /auth/signup 2026-02-26 11:55:48.225548)
2026-02-26 11:55:48 - INFO - POST /auth/login 2026-02-26 11:55:48.237290)
2026-02-26 11:55:48 - INFO - GET /movies/genre 2026-02-26 11:55:48.330525)
2026-02-26 11:55:48 - INFO - GET /movies/genre 2026-02-26 11:55:48.331971)
2026-02-26 11:55:48 - INFO - GET /movies/genre 2026-02-26 11:55:48.342768)
2026-02-26 11:55:48 - INFO - GET /movies/genre 2026-02-26 11:55:48.343832)
2026-02-26 11:55:48 - INFO - GET /movies/genre 2026-02-26 11:55:48.343947)
2026-02-26 11:55:48 - INFO - GET /movies/genre 2026-02-26 11:55:48.344640)
2026-02-26 11:55:48 - INFO - GET /movies/genre 2026-02-26 11:55:48.358139)
2026-02-26 11:55:48 - INFO - GET /movies/genre 2026-02-26 11:55:48.358565)
2026-02-26 11:55:48 - INFO - GET /movies/genre 2026-02-26 11:55:48.375690)
2026-02-26 11:55:48 - INFO - GET /movies/genre 2026-02-26 11:55:48.375901)
2026-02-26 11:55:48 - INFO - GET /movies/genre 2026-02-26 11:55:48.380084)
2026-02-26 11:55:48 - INFO - GET /movies/genre 2026-02-26 11:55:48.383291)
2026-02-26 11:55:48 - INFO - GET /movies/genre 2026-02-26 11:55:48.389731)
2026-02-26 11:55:48 - INFO - GET /movies/genre 2026-02-26 11:55:48.396120)
2026-02-26 11:55:48 - INFO - GET /movies/genre 2026-02-26 11:55:48.400247)
2026-02-26 11:55:48 - INFO - GET /movies/genre 2026-02-26 11:55:48.401333)
2026-02-26 11:55:56 - INFO - GET /user/favourites 2026-02-26 11:55:56.122330)
2026-02-26 11:55:56 - INFO - GET /movies/recommend 2026-02-26 11:55:56.146015)
2026-02-26 11:55:56 - INFO - GET /user/favourites 2026-02-26 11:55:56.152700)
2026-02-26 11:55:56 - INFO - GET /movies/recommend 2026-02-26 11:55:56.164568)
2026-02-26 11:56:00 - INFO - GET /user/favourites 2026-02-26 11:56:00.892161)
2026-02-26 11:56:00 - INFO - GET /movies/recommend 2026-02-26 11:56:00.893498)
2026-02-26 11:56:00 - INFO - GET /user/favourites 2026-02-26 11:56:00.908663)
2026-02-26 11:56:00 - INFO - GET /movies/recommend 2026-02-26 11:56:00.910275)
2026-02-26 11:56:04 - INFO - GET /user/favourites 2026-02-26 11:56:04.539833)
2026-02-26 11:56:04 - INFO - GET /user/profile 2026-02-26 11:56:04.540163)
2026-02-26 11:56:04 - INFO - GET /user/history 2026-02-26 11:56:04.541646)
2026-02-26 11:56:04 - INFO - GET /user/favourites 2026-02-26 11:56:04.552912)
2026-02-26 11:56:04 - INFO - GET /user/profile 2026-02-26 11:56:04.554227)
2026-02-26 11:56:04 - INFO - GET /user/history 2026-02-26 11:56:04.556139)
2026-02-26 11:56:10 - INFO - GET /movies/genre 2026-02-26 11:56:10.517928)
2026-02-26 11:56:10 - INFO - GET /movies/genre 2026-02-26 11:56:10.525956)
2026-02-26 11:56:10 - INFO - GET /movies/genre 2026-02-26 11:56:10.530796)
2026-02-26 11:56:10 - INFO - GET /movies/genre 2026-02-26 11:56:10.531992)
2026-02-26 11:56:10 - INFO - GET /movies/genre 2026-02-26 11:56:10.532368)
2026-02-26 11:56:10 - INFO - GET /movies/genre 2026-02-26 11:56:10.536628)
2026-02-26 11:56:10 - INFO - GET /movies/genre 2026-02-26 11:56:10.551525)
2026-02-26 11:56:10 - INFO - GET /movies/genre 2026-02-26 11:56:10.560330)
2026-02-26 11:56:10 - INFO - GET /movies/genre 2026-02-26 11:56:10.564976)
2026-02-26 11:56:10 - INFO - GET /movies/genre 2026-02-26 11:56:10.569218)
2026-02-26 11:56:10 - INFO - GET /movies/genre 2026-02-26 11:56:10.572421)
2026-02-26 11:56:10 - INFO - GET /movies/genre 2026-02-26 11:56:10.572922)
2026-02-26 11:56:10 - INFO - GET /movies/genre 2026-02-26 11:56:10.587251)
2026-02-26 11:56:10 - INFO - GET /movies/genre 2026-02-26 11:56:10.591811)
2026-02-26 11:56:10 - INFO - GET /movies/genre 2026-02-26 11:56:10.594993)
2026-02-26 11:56:10 - INFO - GET /movies/genre 2026-02-26 11:56:10.600449)
2026-02-26 11:56:31 - INFO - GET /user/favourites 2026-02-26 11:56:31.952045)
2026-02-26 11:56:31 - INFO - GET /movies/recommend 2026-02-26 11:56:31.953912)
2026-02-26 11:56:31 - INFO - GET /user/favourites 2026-02-26 11:56:31.963201)
2026-02-26 11:56:31 - INFO - GET /movies/recommend 2026-02-26 11:56:31.964562)
2026-02-26 11:56:41 - INFO - POST /user/favourites 2026-02-26 11:56:41.462732)
2026-02-26 11:58:29 - INFO - GET /movies/genre 2026-02-26 11:58:29.713222)
2026-02-26 11:58:29 - INFO - GET /movies/genre 2026-02-26 11:58:29.721948)
2026-02-26 11:58:29 - INFO - GET /movies/genre 2026-02-26 11:58:29.723680)
2026-02-26 11:58:29 - INFO - GET /movies/genre 2026-02-26 11:58:29.725157)
2026-02-26 11:58:29 - INFO - GET /movies/genre 2026-02-26 11:58:29.727932)
2026-02-26 11:58:29 - INFO - GET /movies/genre 2026-02-26 11:58:29.729534)
2026-02-26 11:58:29 - INFO - GET /movies/genre 2026-02-26 11:58:29.741330)
2026-02-26 11:58:29 - INFO - GET /movies/genre 2026-02-26 11:58:29.741500)
2026-02-26 11:58:35 - INFO - GET /movies/genre 2026-02-26 11:58:35.447961)
2026-02-26 11:58:35 - INFO - GET /movies/genre 2026-02-26 11:58:35.458881)
2026-02-26 11:58:35 - INFO - GET /movies/genre 2026-02-26 11:58:35.460211)
2026-02-26 11:58:35 - INFO - GET /movies/genre 2026-02-26 11:58:35.460420)
2026-02-26 11:58:35 - INFO - GET /movies/genre 2026-02-26 11:58:35.460521)
2026-02-26 11:58:35 - INFO - GET /movies/genre 2026-02-26 11:58:35.461150)
2026-02-26 11:58:35 - INFO - GET /movies/genre 2026-02-26 11:58:35.477784)
2026-02-26 11:58:35 - INFO - GET /movies/genre 2026-02-26 11:58:35.486194)
2026-02-26 11:58:35 - INFO - GET /movies/genre 2026-02-26 11:58:35.493727)
2026-02-26 11:58:35 - INFO - GET /movies/genre 2026-02-26 11:58:35.495588)
2026-02-26 11:58:35 - INFO - GET /movies/genre 2026-02-26 11:58:35.496328)
2026-02-26 11:58:35 - INFO - GET /movies/genre 2026-02-26 11:58:35.501268)
2026-02-26 11:58:35 - INFO - GET /movies/genre 2026-02-26 11:58:35.510303)
2026-02-26 11:58:35 - INFO - GET /movies/genre 2026-02-26 11:58:35.517867)
2026-02-26 11:58:35 - INFO - GET /movies/genre 2026-02-26 11:58:35.522501)
2026-02-26 11:58:35 - INFO - GET /movies/genre 2026-02-26 11:58:35.522844)
2026-02-26 11:58:40 - INFO - GET /movies/search 2026-02-26 11:58:40.016737)
2026-02-26 11:58:40 - INFO - GET /movies/search 2026-02-26 11:58:40.030499)
2026-02-26 11:58:47 - INFO - GET /movies/genre 2026-02-26 11:58:47.032966)
2026-02-26 11:58:47 - INFO - GET /movies/genre 2026-02-26 11:58:47.050468)
2026-02-26 11:58:47 - INFO - GET /movies/genre 2026-02-26 11:58:47.050826)
2026-02-26 11:58:47 - INFO - GET /movies/genre 2026-02-26 11:58:47.052927)
2026-02-26 11:58:47 - INFO - GET /movies/genre 2026-02-26 11:58:47.058583)
2026-02-26 11:58:47 - INFO - GET /movies/genre 2026-02-26 11:58:47.058774)
2026-02-26 11:58:47 - INFO - GET /movies/genre 2026-02-26 11:58:47.079755)
2026-02-26 11:58:47 - INFO - GET /movies/genre 2026-02-26 11:58:47.088063)
2026-02-26 11:58:47 - INFO - GET /movies/genre 2026-02-26 11:58:47.088238)
2026-02-26 11:58:47 - INFO - GET /movies/genre 2026-02-26 11:58:47.088671)
2026-02-26 11:58:47 - INFO - GET /movies/genre 2026-02-26 11:58:47.090563)
2026-02-26 11:58:47 - INFO - GET /movies/genre 2026-02-26 11:58:47.091175)
2026-02-26 11:58:47 - INFO - GET /movies/genre 2026-02-26 11:58:47.101347)
2026-02-26 11:58:47 - INFO - GET /movies/genre 2026-02-26 11:58:47.107571)
2026-02-26 11:58:47 - INFO - GET /movies/genre 2026-02-26 11:58:47.111792)
2026-02-26 11:58:47 - INFO - GET /movies/genre 2026-02-26 11:58:47.111921)
2026-02-26 11:58:56 - INFO - GET /movies/search 2026-02-26 11:58:56.832034)
2026-02-26 11:58:56 - INFO - GET /movies/search 2026-02-26 11:58:56.844525)
2026-02-26 11:59:00 - INFO - GET /movies/genre 2026-02-26 11:59:00.498084)
2026-02-26 11:59:00 - INFO - GET /movies/genre 2026-02-26 11:59:00.503474)
2026-02-26 11:59:00 - INFO - GET /movies/genre 2026-02-26 11:59:00.509484)
2026-02-26 11:59:00 - INFO - GET /movies/genre 2026-02-26 11:59:00.511498)
2026-02-26 11:59:00 - INFO - GET /movies/genre 2026-02-26 11:59:00.514470)
2026-02-26 11:59:00 - INFO - GET /movies/genre 2026-02-26 11:59:00.514998)
2026-02-26 11:59:00 - INFO - GET /movies/genre 2026-02-26 11:59:00.526647)
2026-02-26 11:59:00 - INFO - GET /movies/genre 2026-02-26 11:59:00.532012)
2026-02-26 11:59:00 - INFO - GET /movies/genre 2026-02-26 11:59:00.544867)
2026-02-26 11:59:00 - INFO - GET /movies/genre 2026-02-26 11:59:00.545837)
2026-02-26 11:59:00 - INFO - GET /movies/genre 2026-02-26 11:59:00.545916)
2026-02-26 11:59:00 - INFO - GET /movies/genre 2026-02-26 11:59:00.546449)
2026-02-26 11:59:00 - INFO - GET /movies/genre 2026-02-26 11:59:00.558207)
2026-02-26 11:59:00 - INFO - GET /movies/genre 2026-02-26 11:59:00.569658)
2026-02-26 11:59:00 - INFO - GET /movies/genre 2026-02-26 11:59:00.570391)
2026-02-26 11:59:00 - INFO - GET /movies/genre 2026-02-26 11:59:00.571010)
2026-02-26 11:59:09 - INFO - GET /movies/genre 2026-02-26 11:59:09.412111)
2026-02-26 11:59:09 - INFO - GET /movies/genre 2026-02-26 11:59:09.422358)
2026-02-26 11:59:09 - INFO - GET /movies/genre 2026-02-26 11:59:09.434684)
2026-02-26 11:59:09 - INFO - GET /movies/genre 2026-02-26 11:59:09.435982)
2026-02-26 11:59:09 - INFO - GET /movies/genre 2026-02-26 11:59:09.436087)
2026-02-26 11:59:09 - INFO - GET /movies/genre 2026-02-26 11:59:09.436690)
2026-02-26 11:59:09 - INFO - GET /movies/genre 2026-02-26 11:59:09.448024)
2026-02-26 11:59:09 - INFO - GET /movies/genre 2026-02-26 11:59:09.454120)
2026-02-26 11:59:09 - INFO - GET /movies/genre 2026-02-26 11:59:09.466148)
2026-02-26 11:59:09 - INFO - GET /movies/genre 2026-02-26 11:59:09.472707)
2026-02-26 11:59:09 - INFO - GET /movies/genre 2026-02-26 11:59:09.478451)
2026-02-26 11:59:09 - INFO - GET /movies/genre 2026-02-26 11:59:09.478631)
2026-02-26 11:59:09 - INFO - GET /movies/genre 2026-02-26 11:59:09.483495)
2026-02-26 11:59:09 - INFO - GET /movies/genre 2026-02-26 11:59:09.489222)
2026-02-26 11:59:09 - INFO - GET /movies/genre 2026-02-26 11:59:09.493304)
2026-02-26 11:59:09 - INFO - GET /movies/genre 2026-02-26 11:59:09.495066)
2026-02-26 11:59:13 - INFO - GET /movies/search 2026-02-26 11:59:13.145314)
2026-02-26 11:59:13 - INFO - GET /movies/search 2026-02-26 11:59:13.157445)
2026-02-26 11:59:16 - INFO - GET /movies/genre 2026-02-26 11:59:16.690632)
2026-02-26 11:59:16 - INFO - GET /movies/genre 2026-02-26 11:59:16.699829)
2026-02-26 11:59:16 - INFO - GET /movies/genre 2026-02-26 11:59:16.703162)
2026-02-26 11:59:16 - INFO - GET /movies/genre 2026-02-26 11:59:16.703740)
2026-02-26 11:59:16 - INFO - GET /movies/genre 2026-02-26 11:59:16.704677)
2026-02-26 11:59:16 - INFO - GET /movies/genre 2026-02-26 11:59:16.707322)
2026-02-26 11:59:16 - INFO - GET /movies/genre 2026-02-26 11:59:16.719304)
2026-02-26 11:59:16 - INFO - GET /movies/genre 2026-02-26 11:59:16.736250)
2026-02-26 11:59:16 - INFO - GET /movies/genre 2026-02-26 11:59:16.740391)
2026-02-26 11:59:16 - INFO - GET /movies/genre 2026-02-26 11:59:16.743367)
2026-02-26 11:59:16 - INFO - GET /movies/genre 2026-02-26 11:59:16.743593)
2026-02-26 11:59:16 - INFO - GET /movies/genre 2026-02-26 11:59:16.744823)
2026-02-26 11:59:16 - INFO - GET /movies/genre 2026-02-26 11:59:16.755174)
2026-02-26 11:59:16 - INFO - GET /movies/genre 2026-02-26 11:59:16.761718)
2026-02-26 11:59:16 - INFO - GET /movies/genre 2026-02-26 11:59:16.764993)
2026-02-26 11:59:16 - INFO - GET /movies/genre 2026-02-26 11:59:16.765386)
2026-02-26 11:59:47 - INFO - GET /movies/search 2026-02-26 11:59:47.662962)
2026-02-26 11:59:47 - INFO - GET /movies/search 2026-02-26 11:59:47.672908)
2026-02-26 12:02:21 - INFO - GET /movies/search 2026-02-26 12:02:21.498066)
2026-02-26 12:02:21 - INFO - GET /movies/search 2026-02-26 12:02:21.504011)
2026-02-26 12:02:23 - INFO - GET /movies/search 2026-02-26 12:02:23.191060)
2026-02-26 12:02:23 - INFO - GET /movies/search 2026-02-26 12:02:23.203630)
2026-02-26 12:02:24 - INFO - GET /movies/genre 2026-02-26 12:02:24.434433)
2026-02-26 12:02:24 - INFO - GET /movies/genre 2026-02-26 12:02:24.446316)
2026-02-26 12:02:24 - INFO - GET /movies/genre 2026-02-26 12:02:24.461725)
2026-02-26 12:02:24 - INFO - GET /movies/genre 2026-02-26 12:02:24.461880)
2026-02-26 12:02:24 - INFO - GET /movies/genre 2026-02-26 12:02:24.462119)
2026-02-26 12:02:24 - INFO - GET /movies/genre 2026-02-26 12:02:24.462186)
2026-02-26 12:02:24 - INFO - GET /movies/genre 2026-02-26 12:02:24.475919)
2026-02-26 12:02:24 - INFO - GET /movies/genre 2026-02-26 12:02:24.476300)
2026-02-26 12:02:24 - INFO - GET /movies/genre 2026-02-26 12:02:24.494595)
2026-02-26 12:02:24 - INFO - GET /movies/genre 2026-02-26 12:02:24.498168)
2026-02-26 12:02:24 - INFO - GET /movies/genre 2026-02-26 12:02:24.501712)
2026-02-26 12:02:24 - INFO - GET /movies/genre 2026-02-26 12:02:24.502354)
2026-02-26 12:02:24 - INFO - GET /movies/genre 2026-02-26 12:02:24.505263)
2026-02-26 12:02:24 - INFO - GET /movies/genre 2026-02-26 12:02:24.511689)
2026-02-26 12:02:24 - INFO - GET /movies/genre 2026-02-26 12:02:24.518155)
2026-02-26 12:02:24 - INFO - GET /movies/genre 2026-02-26 12:02:24.522029)
2026-02-26 12:02:27 - INFO - GET /movies/genre 2026-02-26 12:02:27.536265)
2026-02-26 12:02:27 - INFO - GET /movies/genre 2026-02-26 12:02:27.549066)
2026-02-26 12:02:34 - INFO - GET /movies/genre 2026-02-26 12:02:34.505935)
2026-02-26 12:02:34 - INFO - GET /movies/genre 2026-02-26 12:02:34.529283)
2026-02-26 12:02:34 - INFO - GET /movies/genre 2026-02-26 12:02:34.531041)
2026-02-26 12:02:34 - INFO - GET /movies/genre 2026-02-26 12:02:34.531146)
2026-02-26 12:02:34 - INFO - GET /movies/genre 2026-02-26 12:02:34.531226)
2026-02-26 12:02:34 - INFO - GET /movies/genre 2026-02-26 12:02:34.533470)
2026-02-26 12:02:34 - INFO - GET /movies/genre 2026-02-26 12:02:34.555113)
2026-02-26 12:02:34 - INFO - GET /movies/genre 2026-02-26 12:02:34.557784)
2026-02-26 12:02:34 - INFO - GET /movies/genre 2026-02-26 12:02:34.564769)
2026-02-26 12:02:34 - INFO - GET /movies/genre 2026-02-26 12:02:34.565404)
2026-02-26 12:02:34 - INFO - GET /movies/genre 2026-02-26 12:02:34.565675)
2026-02-26 12:02:34 - INFO - GET /movies/genre 2026-02-26 12:02:34.565829)
2026-02-26 12:02:34 - INFO - GET /movies/genre 2026-02-26 12:02:34.589002)
2026-02-26 12:02:34 - INFO - GET /movies/genre 2026-02-26 12:02:34.589308)
2026-02-26 12:02:34 - INFO - GET /movies/genre 2026-02-26 12:02:34.590678)
2026-02-26 12:02:34 - INFO - GET /movies/genre 2026-02-26 12:02:34.593308)
2026-02-26 12:02:36 - INFO - GET /movies/genre 2026-02-26 12:02:36.817803)
2026-02-26 12:02:36 - INFO - GET /movies/genre 2026-02-26 12:02:36.831378)
2026-02-26 12:02:40 - INFO - GET /movies/genre 2026-02-26 12:02:40.920817)
2026-02-26 12:02:40 - INFO - GET /movies/genre 2026-02-26 12:02:40.922800)
2026-02-26 12:02:40 - INFO - GET /movies/genre 2026-02-26 12:02:40.922962)
2026-02-26 12:02:40 - INFO - GET /movies/genre 2026-02-26 12:02:40.924409)
2026-02-26 12:02:40 - INFO - GET /movies/genre 2026-02-26 12:02:40.925806)
2026-02-26 12:02:40 - INFO - GET /movies/genre 2026-02-26 12:02:40.927386)
2026-02-26 12:02:40 - INFO - GET /movies/genre 2026-02-26 12:02:40.954839)
2026-02-26 12:02:40 - INFO - GET /movies/genre 2026-02-26 12:02:40.957425)
2026-02-26 12:02:40 - INFO - GET /movies/genre 2026-02-26 12:02:40.961649)
2026-02-26 12:02:40 - INFO - GET /movies/genre 2026-02-26 12:02:40.965034)
2026-02-26 12:02:40 - INFO - GET /movies/genre 2026-02-26 12:02:40.965685)
2026-02-26 12:02:40 - INFO - GET /movies/genre 2026-02-26 12:02:40.965916)
2026-02-26 12:02:40 - INFO - GET /movies/genre 2026-02-26 12:02:40.979204)
2026-02-26 12:02:40 - INFO - GET /movies/genre 2026-02-26 12:02:40.984219)
2026-02-26 12:02:40 - INFO - GET /movies/genre 2026-02-26 12:02:40.985558)
2026-02-26 12:02:40 - INFO - GET /movies/genre 2026-02-26 12:02:40.987765)
2026-02-26 12:02:45 - INFO - GET /movies/genre 2026-02-26 12:02:45.643954)
2026-02-26 12:02:45 - INFO - GET /movies/genre 2026-02-26 12:02:45.653940)
2026-02-26 12:02:51 - INFO - GET /movies/genre 2026-02-26 12:02:51.112643)
2026-02-26 12:02:51 - INFO - GET /movies/genre 2026-02-26 12:02:51.130760)
2026-02-26 12:02:51 - INFO - GET /movies/genre 2026-02-26 12:02:51.137668)
2026-02-26 12:02:51 - INFO - GET /movies/genre 2026-02-26 12:02:51.139852)
2026-02-26 12:02:51 - INFO - GET /movies/genre 2026-02-26 12:02:51.140802)
2026-02-26 12:02:51 - INFO - GET /movies/genre 2026-02-26 12:02:51.140925)
2026-02-26 12:02:51 - INFO - GET /movies/genre 2026-02-26 12:02:51.154563)
2026-02-26 12:02:51 - INFO - GET /movies/genre 2026-02-26 12:02:51.158098)
2026-02-26 12:02:51 - INFO - GET /movies/genre 2026-02-26 12:02:51.172243)
2026-02-26 12:02:51 - INFO - GET /movies/genre 2026-02-26 12:02:51.176518)
2026-02-26 12:02:51 - INFO - GET /movies/genre 2026-02-26 12:02:51.176806)
2026-02-26 12:02:51 - INFO - GET /movies/genre 2026-02-26 12:02:51.177060)
2026-02-26 12:02:51 - INFO - GET /movies/genre 2026-02-26 12:02:51.186619)
2026-02-26 12:02:51 - INFO - GET /movies/genre 2026-02-26 12:02:51.192950)
2026-02-26 12:02:51 - INFO - GET /movies/genre 2026-02-26 12:02:51.196445)
2026-02-26 12:02:51 - INFO - GET /movies/genre 2026-02-26 12:02:51.200405)
2026-02-26 12:02:56 - INFO - GET /movies/genre 2026-02-26 12:02:56.281574)
2026-02-26 12:02:56 - INFO - GET /movies/genre 2026-02-26 12:02:56.295289)
2026-02-26 12:03:06 - INFO - GET /movies/genre 2026-02-26 12:03:06.407223)
2026-02-26 12:03:06 - INFO - GET /movies/genre 2026-02-26 12:03:06.422155)
2026-02-26 12:03:06 - INFO - GET /movies/genre 2026-02-26 12:03:06.423654)
2026-02-26 12:03:06 - INFO - GET /movies/genre 2026-02-26 12:03:06.425029)
2026-02-26 12:03:06 - INFO - GET /movies/genre 2026-02-26 12:03:06.426344)
2026-02-26 12:03:06 - INFO - GET /movies/genre 2026-02-26 12:03:06.427684)
2026-02-26 12:03:06 - INFO - GET /movies/genre 2026-02-26 12:03:06.437683)
2026-02-26 12:03:06 - INFO - GET /movies/genre 2026-02-26 12:03:06.452612)
2026-02-26 12:03:06 - INFO - GET /movies/genre 2026-02-26 12:03:06.454558)
2026-02-26 12:03:06 - INFO - GET /movies/genre 2026-02-26 12:03:06.462121)
2026-02-26 12:03:06 - INFO - GET /movies/genre 2026-02-26 12:03:06.462716)
2026-02-26 12:03:06 - INFO - GET /movies/genre 2026-02-26 12:03:06.464293)
2026-02-26 12:03:06 - INFO - GET /movies/genre 2026-02-26 12:03:06.467724)
2026-02-26 12:03:06 - INFO - GET /movies/genre 2026-02-26 12:03:06.480396)
2026-02-26 12:03:06 - INFO - GET /movies/genre 2026-02-26 12:03:06.481247)
2026-02-26 12:03:06 - INFO - GET /movies/genre 2026-02-26 12:03:06.481541)
2026-02-26 12:08:35 - INFO - GET /movies/genre 2026-02-26 12:08:35.771184)
2026-02-26 12:08:35 - INFO - GET /movies/genre 2026-02-26 12:08:35.775451)
2026-02-26 12:08:35 - INFO - GET /movies/genre 2026-02-26 12:08:35.778049)
2026-02-26 12:08:35 - INFO - GET /movies/genre 2026-02-26 12:08:35.778597)
2026-02-26 12:08:35 - INFO - GET /movies/genre 2026-02-26 12:08:35.781166)
2026-02-26 12:08:35 - INFO - GET /movies/genre 2026-02-26 12:08:35.781338)
2026-02-26 12:08:35 - INFO - GET /movies/genre 2026-02-26 12:08:35.790113)
2026-02-26 12:08:35 - INFO - GET /movies/genre 2026-02-26 12:08:35.801477)
2026-02-26 12:08:35 - INFO - GET /movies/genre 2026-02-26 12:08:35.809205)
2026-02-26 12:08:35 - INFO - GET /movies/genre 2026-02-26 12:08:35.810247)
2026-02-26 12:08:35 - INFO - GET /movies/genre 2026-02-26 12:08:35.813470)
2026-02-26 12:08:35 - INFO - GET /movies/genre 2026-02-26 12:08:35.814834)
2026-02-26 12:08:35 - INFO - GET /movies/genre 2026-02-26 12:08:35.823439)
2026-02-26 12:08:35 - INFO - GET /movies/genre 2026-02-26 12:08:35.829618)
2026-02-26 12:08:35 - INFO - GET /movies/genre 2026-02-26 12:08:35.837602)
2026-02-26 12:08:35 - INFO - GET /movies/genre 2026-02-26 12:08:35.837898)
2026-02-26 12:08:38 - INFO - GET /user/favourites 2026-02-26 12:08:38.679994)
2026-02-26 12:08:38 - INFO - GET /movies/recommend 2026-02-26 12:08:38.689780)
2026-02-26 12:08:38 - INFO - GET /user/favourites 2026-02-26 12:08:38.690636)
2026-02-26 12:08:38 - INFO - GET /movies/recommend 2026-02-26 12:08:38.699242)
2026-02-26 12:09:34 - INFO - GET /movies/genre 2026-02-26 12:09:34.586818)
2026-02-26 12:09:34 - INFO - GET /movies/genre 2026-02-26 12:09:34.883098)
2026-02-26 12:09:34 - INFO - GET /movies/genre 2026-02-26 12:09:34.977460)
2026-02-26 12:09:34 - INFO - GET /movies/genre 2026-02-26 12:09:34.977742)
2026-02-26 12:09:34 - INFO - GET /movies/genre 2026-02-26 12:09:34.977868)
2026-02-26 12:09:34 - INFO - GET /movies/genre 2026-02-26 12:09:34.978557)
2026-02-26 12:09:35 - INFO - GET /movies/genre 2026-02-26 12:09:35.034349)
2026-02-26 12:09:35 - INFO - GET /movies/genre 2026-02-26 12:09:35.061308)
2026-02-26 12:09:35 - INFO - GET /movies/genre 2026-02-26 12:09:35.312555)
2026-02-26 12:09:35 - INFO - GET /movies/genre 2026-02-26 12:09:35.324454)
2026-02-26 12:09:35 - INFO - GET /movies/genre 2026-02-26 12:09:35.324646)
2026-02-26 12:09:35 - INFO - GET /movies/genre 2026-02-26 12:09:35.377912)
2026-02-26 12:09:35 - INFO - GET /movies/genre 2026-02-26 12:09:35.378664)
2026-02-26 12:09:35 - INFO - GET /movies/genre 2026-02-26 12:09:35.556117)
2026-02-26 12:09:35 - INFO - GET /movies/genre 2026-02-26 12:09:35.556853)
2026-02-26 12:09:35 - INFO - GET /movies/genre 2026-02-26 12:09:35.557000)
2026-02-26 12:09:40 - INFO - GET /movies/genre 2026-02-26 12:09:40.033818)
2026-02-26 12:09:40 - INFO - GET /movies/genre 2026-02-26 12:09:40.112753)
2026-02-26 12:09:49 - INFO - GET /movies/genre 2026-02-26 12:09:49.976156)
2026-02-26 12:09:50 - INFO - GET /movies/genre 2026-02-26 12:09:50.025686)
2026-02-26 12:09:50 - INFO - GET /movies/genre 2026-02-26 12:09:50.069135)
2026-02-26 12:09:50 - INFO - GET /movies/genre 2026-02-26 12:09:50.069726)
2026-02-26 12:09:50 - INFO - GET /movies/genre 2026-02-26 12:09:50.069985)
2026-02-26 12:09:50 - INFO - GET /movies/genre 2026-02-26 12:09:50.070061)
2026-02-26 12:09:50 - INFO - GET /movies/genre 2026-02-26 12:09:50.271855)
2026-02-26 12:09:50 - INFO - GET /movies/genre 2026-02-26 12:09:50.286194)
2026-02-26 12:09:50 - INFO - GET /movies/genre 2026-02-26 12:09:50.403986)
2026-02-26 12:09:50 - INFO - GET /movies/genre 2026-02-26 12:09:50.450735)
2026-02-26 12:09:50 - INFO - GET /movies/genre 2026-02-26 12:09:50.450895)
2026-02-26 12:09:50 - INFO - GET /movies/genre 2026-02-26 12:09:50.451296)
2026-02-26 12:09:50 - INFO - GET /movies/genre 2026-02-26 12:09:50.622100)
2026-02-26 12:09:50 - INFO - GET /movies/genre 2026-02-26 12:09:50.622284)
2026-02-26 12:09:50 - INFO - GET /movies/genre 2026-02-26 12:09:50.622348)
2026-02-26 12:09:50 - INFO - GET /movies/genre 2026-02-26 12:09:50.622947)
2026-02-26 12:09:54 - INFO - GET /movies/genre 2026-02-26 12:09:54.803991)
2026-02-26 12:09:54 - INFO - GET /movies/genre 2026-02-26 12:09:54.896842)
2026-02-26 12:10:14 - INFO - GET /movies/genre 2026-02-26 12:10:14.346446)
2026-02-26 12:10:14 - INFO - GET /movies/genre 2026-02-26 12:10:14.418675)
2026-02-26 12:10:14 - INFO - GET /movies/genre 2026-02-26 12:10:14.467475)
2026-02-26 12:10:14 - INFO - GET /movies/genre 2026-02-26 12:10:14.513970)
2026-02-26 12:10:14 - INFO - GET /movies/genre 2026-02-26 12:10:14.514155)
2026-02-26 12:10:14 - INFO - GET /movies/genre 2026-02-26 12:10:14.514874)
2026-02-26 12:10:14 - INFO - GET /movies/genre 2026-02-26 12:10:14.588302)
2026-02-26 12:10:14 - INFO - GET /movies/genre 2026-02-26 12:10:14.652178)
2026-02-26 12:10:14 - INFO - GET /movies/genre 2026-02-26 12:10:14.678693)
2026-02-26 12:10:14 - INFO - GET /movies/genre 2026-02-26 12:10:14.698915)
2026-02-26 12:10:14 - INFO - GET /movies/genre 2026-02-26 12:10:14.820757)
2026-02-26 12:10:14 - INFO - GET /movies/genre 2026-02-26 12:10:14.821770)
2026-02-26 12:10:14 - INFO - GET /movies/genre 2026-02-26 12:10:14.942705)
2026-02-26 12:10:14 - INFO - GET /movies/genre 2026-02-26 12:10:14.958033)
2026-02-26 12:10:15 - INFO - GET /movies/genre 2026-02-26 12:10:15.004568)
2026-02-26 12:10:15 - INFO - GET /movies/genre 2026-02-26 12:10:15.060157)
2026-02-26 12:10:19 - INFO - GET /movies/genre 2026-02-26 12:10:19.817677)
2026-02-26 12:10:19 - INFO - GET /movies/genre 2026-02-26 12:10:19.871458)
2026-02-26 12:10:26 - INFO - GET /user/favourites 2026-02-26 12:10:26.970313)
2026-02-26 12:10:26 - INFO - GET /movies/recommend 2026-02-26 12:10:26.971734)
2026-02-26 12:10:26 - INFO - GET /user/favourites 2026-02-26 12:10:26.977817)
2026-02-26 12:10:26 - INFO - GET /movies/recommend 2026-02-26 12:10:26.985918)
2026-02-26 12:10:37 - INFO - GET /user/favourites 2026-02-26 12:10:37.155670)
2026-02-26 12:10:37 - INFO - GET /movies/recommend 2026-02-26 12:10:37.156984)
2026-02-26 12:10:55 - INFO - GET /user/favourites 2026-02-26 12:10:55.741724)
2026-02-26 12:10:55 - INFO - GET /user/profile 2026-02-26 12:10:55.742060)
2026-02-26 12:10:55 - INFO - GET /user/history 2026-02-26 12:10:55.742856)
2026-02-26 12:10:55 - INFO - GET /user/favourites 2026-02-26 12:10:55.755211)
2026-02-26 12:10:55 - INFO - GET /user/profile 2026-02-26 12:10:55.755436)
2026-02-26 12:10:55 - INFO - GET /user/history 2026-02-26 12:10:55.758961)
2026-02-26 12:11:14 - INFO - GET /movies/search 2026-02-26 12:11:14.613171)
2026-02-26 12:11:14 - INFO - GET /movies/search 2026-02-26 12:11:14.620145)
2026-02-26 12:11:18 - INFO - GET /movies/search 2026-02-26 12:11:18.640728)
2026-02-26 12:11:18 - INFO - GET /movies/search 2026-02-26 12:11:18.647315)
2026-02-26 12:11:25 - INFO - GET /user/profile 2026-02-26 12:11:25.520311)
2026-02-26 12:11:25 - INFO - GET /user/favourites 2026-02-26 12:11:25.520881)
2026-02-26 12:11:25 - INFO - GET /user/history 2026-02-26 12:11:25.521293)
2026-02-26 12:11:25 - INFO - GET /user/profile 2026-02-26 12:11:25.530018)
2026-02-26 12:11:25 - INFO - GET /user/history 2026-02-26 12:11:25.531773)
2026-02-26 12:11:25 - INFO - GET /user/favourites 2026-02-26 12:11:25.532132)
2026-02-26 12:11:32 - INFO - GET /movies/genre 2026-02-26 12:11:32.851074)
2026-02-26 12:11:32 - INFO - GET /movies/genre 2026-02-26 12:11:32.892044)
2026-02-26 12:11:35 - INFO - GET /movies/genre 2026-02-26 12:11:35.529451)
2026-02-26 12:11:35 - INFO - GET /movies/genre 2026-02-26 12:11:35.546481)
2026-02-26 12:11:35 - INFO - GET /movies/genre 2026-02-26 12:11:35.614677)
2026-02-26 12:11:35 - INFO - GET /movies/genre 2026-02-26 12:11:35.615319)
2026-02-26 12:11:35 - INFO - GET /movies/genre 2026-02-26 12:11:35.615526)
2026-02-26 12:11:35 - INFO - GET /movies/genre 2026-02-26 12:11:35.615582)
2026-02-26 12:11:35 - INFO - GET /movies/genre 2026-02-26 12:11:35.833157)
2026-02-26 12:11:35 - INFO - GET /movies/genre 2026-02-26 12:11:35.856016)
2026-02-26 12:11:35 - INFO - GET /movies/genre 2026-02-26 12:11:35.856129)
2026-02-26 12:11:35 - INFO - GET /movies/genre 2026-02-26 12:11:35.856572)
2026-02-26 12:11:35 - INFO - GET /movies/genre 2026-02-26 12:11:35.890240)
2026-02-26 12:11:35 - INFO - GET /movies/genre 2026-02-26 12:11:35.891177)
2026-02-26 12:11:35 - INFO - GET /movies/genre 2026-02-26 12:11:35.972779)
2026-02-26 12:11:36 - INFO - GET /movies/genre 2026-02-26 12:11:36.151352)
2026-02-26 12:11:36 - INFO - GET /movies/genre 2026-02-26 12:11:36.151820)
2026-02-26 12:11:36 - INFO - GET /movies/genre 2026-02-26 12:11:36.151895)
2026-02-26 12:38:37 - INFO - GET /user/favourites 2026-02-26 12:38:37.342038)
2026-02-26 12:38:37 - INFO - GET /movies/recommend 2026-02-26 12:38:37.348877)
2026-02-26 12:38:37 - INFO - GET /user/favourites 2026-02-26 12:38:37.357591)
2026-02-26 12:38:37 - INFO - GET /movies/recommend 2026-02-26 12:38:37.369065)
2026-02-26 12:38:50 - INFO - GET /movies/search 2026-02-26 12:38:50.980487)
2026-02-26 12:38:50 - INFO - GET /movies/search 2026-02-26 12:38:50.988585)
2026-02-26 12:38:54 - INFO - GET /movies/genre 2026-02-26 12:38:54.911222)
2026-02-26 12:38:55 - INFO - GET /movies/genre 2026-02-26 12:38:55.142850)
2026-02-26 12:38:55 - INFO - GET /movies/genre 2026-02-26 12:38:55.143021)
2026-02-26 12:38:55 - INFO - GET /movies/genre 2026-02-26 12:38:55.188790)
2026-02-26 12:38:55 - INFO - GET /movies/genre 2026-02-26 12:38:55.188942)
2026-02-26 12:38:55 - INFO - GET /movies/genre 2026-02-26 12:38:55.189727)
2026-02-26 12:38:55 - INFO - GET /movies/genre 2026-02-26 12:38:55.243146)
2026-02-26 12:38:55 - INFO - GET /movies/genre 2026-02-26 12:38:55.267576)
2026-02-26 12:38:55 - INFO - GET /movies/genre 2026-02-26 12:38:55.732723)
2026-02-26 12:38:55 - INFO - GET /movies/genre 2026-02-26 12:38:55.732916)
2026-02-26 12:38:55 - INFO - GET /movies/genre 2026-02-26 12:38:55.733347)
2026-02-26 12:38:55 - INFO - GET /movies/genre 2026-02-26 12:38:55.733453)
2026-02-26 12:38:55 - INFO - GET /movies/genre 2026-02-26 12:38:55.785648)
2026-02-26 12:38:55 - INFO - GET /movies/genre 2026-02-26 12:38:55.787148)
2026-02-26 12:38:55 - INFO - GET /movies/genre 2026-02-26 12:38:55.847378)
2026-02-26 12:38:55 - INFO - GET /movies/genre 2026-02-26 12:38:55.847744)
2026-02-26 12:39:01 - INFO - GET /movies/search 2026-02-26 12:39:01.911866)
2026-02-26 12:39:01 - INFO - GET /movies/search 2026-02-26 12:39:01.920637)
2026-02-26 12:39:07 - INFO - GET /user/favourites 2026-02-26 12:39:07.450158)
2026-02-26 12:39:07 - INFO - GET /movies/recommend 2026-02-26 12:39:07.451516)
2026-02-26 12:39:07 - INFO - GET /user/favourites 2026-02-26 12:39:07.458385)
2026-02-26 12:39:07 - INFO - GET /movies/recommend 2026-02-26 12:39:07.470331)
2026-02-26 12:39:35 - INFO - GET /movies/genre 2026-02-26 12:39:35.474930)
2026-02-26 12:39:35 - INFO - GET /movies/genre 2026-02-26 12:39:35.655541)
2026-02-26 12:39:35 - INFO - GET /movies/genre 2026-02-26 12:39:35.763852)
2026-02-26 12:39:35 - INFO - GET /movies/genre 2026-02-26 12:39:35.764195)
2026-02-26 12:39:35 - INFO - GET /movies/genre 2026-02-26 12:39:35.765006)
2026-02-26 12:39:35 - INFO - GET /movies/genre 2026-02-26 12:39:35.765264)
2026-02-26 12:39:35 - INFO - GET /movies/genre 2026-02-26 12:39:35.866103)
2026-02-26 12:39:35 - INFO - GET /movies/genre 2026-02-26 12:39:35.896718)
2026-02-26 12:39:36 - INFO - GET /movies/genre 2026-02-26 12:39:36.157857)
2026-02-26 12:39:36 - INFO - GET /movies/genre 2026-02-26 12:39:36.158054)
2026-02-26 12:39:36 - INFO - GET /movies/genre 2026-02-26 12:39:36.195250)
2026-02-26 12:39:36 - INFO - GET /movies/genre 2026-02-26 12:39:36.196015)
2026-02-26 12:39:36 - INFO - GET /movies/genre 2026-02-26 12:39:36.196334)
2026-02-26 12:39:36 - INFO - GET /movies/genre 2026-02-26 12:39:36.383121)
2026-02-26 12:39:36 - INFO - GET /movies/genre 2026-02-26 12:39:36.383564)
2026-02-26 12:39:36 - INFO - GET /movies/genre 2026-02-26 12:39:36.383641)
2026-02-26 12:39:40 - INFO - GET /movies/genre 2026-02-26 12:39:40.767462)
2026-02-26 12:39:40 - INFO - GET /movies/genre 2026-02-26 12:39:40.926977)
2026-02-26 12:39:46 - INFO - GET /movies/genre 2026-02-26 12:39:46.864154)
2026-02-26 12:39:46 - INFO - GET /movies/genre 2026-02-26 12:39:46.864733)
2026-02-26 12:39:46 - INFO - GET /movies/genre 2026-02-26 12:39:46.884467)
2026-02-26 12:39:46 - INFO - GET /movies/genre 2026-02-26 12:39:46.932055)
2026-02-26 12:39:46 - INFO - GET /movies/genre 2026-02-26 12:39:46.932905)
2026-02-26 12:39:46 - INFO - GET /movies/genre 2026-02-26 12:39:46.933504)
2026-02-26 12:39:47 - INFO - GET /movies/genre 2026-02-26 12:39:47.066686)
2026-02-26 12:39:47 - INFO - GET /movies/genre 2026-02-26 12:39:47.183972)
2026-02-26 12:39:47 - INFO - GET /movies/genre 2026-02-26 12:39:47.245372)
2026-02-26 12:39:47 - INFO - GET /movies/genre 2026-02-26 12:39:47.267565)
2026-02-26 12:39:47 - INFO - GET /movies/genre 2026-02-26 12:39:47.329694)
2026-02-26 12:39:47 - INFO - GET /movies/genre 2026-02-26 12:39:47.329849)
2026-02-26 12:39:47 - INFO - GET /movies/genre 2026-02-26 12:39:47.477938)
2026-02-26 12:39:47 - INFO - GET /movies/genre 2026-02-26 12:39:47.484662)
2026-02-26 12:39:47 - INFO - GET /movies/genre 2026-02-26 12:39:47.583943)
2026-02-26 12:39:47 - INFO - GET /movies/genre 2026-02-26 12:39:47.584591)
2026-02-26 13:49:19 - INFO - GET /movies/genre 2026-02-26 13:49:19.829540)
2026-02-26 13:49:20 - INFO - GET /movies/genre 2026-02-26 13:49:20.102683)
2026-02-26 13:49:20 - INFO - GET /movies/genre 2026-02-26 13:49:20.143358)
2026-02-26 13:49:20 - INFO - GET /movies/genre 2026-02-26 13:49:20.144089)
2026-02-26 13:49:20 - INFO - GET /movies/genre 2026-02-26 13:49:20.144203)
2026-02-26 13:49:20 - INFO - GET /movies/genre 2026-02-26 13:49:20.144500)
2026-02-26 13:49:20 - INFO - GET /movies/genre 2026-02-26 13:49:20.237033)
2026-02-26 13:49:20 - INFO - GET /movies/genre 2026-02-26 13:49:20.413383)
2026-02-26 13:49:20 - INFO - GET /movies/genre 2026-02-26 13:49:20.413771)
2026-02-26 13:49:20 - INFO - GET /movies/genre 2026-02-26 13:49:20.490408)
2026-02-26 13:49:20 - INFO - GET /movies/genre 2026-02-26 13:49:20.493900)
2026-02-26 13:49:20 - INFO - GET /movies/genre 2026-02-26 13:49:20.495032)
2026-02-26 13:49:20 - INFO - GET /movies/genre 2026-02-26 13:49:20.785249)
2026-02-26 13:49:20 - INFO - GET /movies/genre 2026-02-26 13:49:20.801443)
2026-02-26 13:49:20 - INFO - GET /movies/genre 2026-02-26 13:49:20.801614)
2026-02-26 13:49:20 - INFO - GET /movies/genre 2026-02-26 13:49:20.843485)
2026-02-26 13:49:25 - INFO - GET /user/favourites 2026-02-26 13:49:25.055000)
2026-02-26 13:49:25 - INFO - GET /movies/recommend 2026-02-26 13:49:25.087279)
2026-02-26 13:49:25 - INFO - GET /user/favourites 2026-02-26 13:49:25.087571)
2026-02-26 13:49:25 - INFO - GET /movies/recommend 2026-02-26 13:49:25.100405)
2026-02-26 14:26:42 - INFO - GET /movies/genre 2026-02-26 14:26:42.603587)
2026-02-26 14:26:42 - INFO - GET /movies/genre 2026-02-26 14:26:42.730319)
2026-02-26 14:26:42 - INFO - GET /movies/genre 2026-02-26 14:26:42.808925)
2026-02-26 14:26:42 - INFO - GET /movies/genre 2026-02-26 14:26:42.809232)
2026-02-26 14:26:42 - INFO - GET /movies/genre 2026-02-26 14:26:42.809571)
2026-02-26 14:26:42 - INFO - GET /movies/genre 2026-02-26 14:26:42.810488)
2026-02-26 14:26:43 - INFO - GET /movies/genre 2026-02-26 14:26:43.014375)
2026-02-26 14:26:43 - INFO - GET /movies/genre 2026-02-26 14:26:43.060814)
2026-02-26 14:26:43 - INFO - GET /movies/genre 2026-02-26 14:26:43.280772)
2026-02-26 14:26:43 - INFO - GET /movies/genre 2026-02-26 14:26:43.281052)
2026-02-26 14:26:43 - INFO - GET /movies/genre 2026-02-26 14:26:43.350492)
2026-02-26 14:26:43 - INFO - GET /movies/genre 2026-02-26 14:26:43.351254)
2026-02-26 14:26:43 - INFO - GET /movies/genre 2026-02-26 14:26:43.868004)
2026-02-26 14:26:43 - INFO - GET /movies/genre 2026-02-26 14:26:43.868420)
2026-02-26 14:26:44 - INFO - GET /movies/genre 2026-02-26 14:26:44.025799)
2026-02-26 14:26:44 - INFO - GET /movies/genre 2026-02-26 14:26:44.036933)
2026-02-26 14:27:01 - INFO - GET /movies/genre 2026-02-26 14:27:01.996773)
2026-02-26 14:27:02 - INFO - GET /movies/genre 2026-02-26 14:27:02.105682)
2026-02-26 14:27:07 - INFO - GET /movies/genre 2026-02-26 14:27:07.395826)
2026-02-26 14:27:07 - INFO - GET /movies/genre 2026-02-26 14:27:07.422129)
2026-02-26 14:27:07 - INFO - GET /movies/genre 2026-02-26 14:27:07.470734)
2026-02-26 14:27:07 - INFO - GET /movies/genre 2026-02-26 14:27:07.470986)
2026-02-26 14:27:07 - INFO - GET /movies/genre 2026-02-26 14:27:07.547998)
2026-02-26 14:27:07 - INFO - GET /movies/genre 2026-02-26 14:27:07.550272)
2026-02-26 14:27:07 - INFO - GET /movies/genre 2026-02-26 14:27:07.717354)
2026-02-26 14:27:07 - INFO - GET /movies/genre 2026-02-26 14:27:07.825879)
2026-02-26 14:27:07 - INFO - GET /movies/genre 2026-02-26 14:27:07.983154)
2026-02-26 14:27:07 - INFO - GET /movies/genre 2026-02-26 14:27:07.983386)
2026-02-26 14:27:07 - INFO - GET /movies/genre 2026-02-26 14:27:07.983486)
2026-02-26 14:27:07 - INFO - GET /movies/genre 2026-02-26 14:27:07.984131)
2026-02-26 14:27:08 - INFO - GET /movies/genre 2026-02-26 14:27:08.261313)
2026-02-26 14:27:08 - INFO - GET /movies/genre 2026-02-26 14:27:08.374994)
2026-02-26 14:27:08 - INFO - GET /movies/genre 2026-02-26 14:27:08.375998)
2026-02-26 14:27:08 - INFO - GET /movies/genre 2026-02-26 14:27:08.376489)
2026-02-26 14:31:15 - INFO - POST /auth/login 2026-02-26 14:31:15.396553)
2026-02-26 14:31:15 - INFO - GET /movies/genre 2026-02-26 14:31:15.888099)
2026-02-26 14:31:16 - INFO - GET /movies/genre 2026-02-26 14:31:16.001859)
2026-02-26 14:31:16 - INFO - GET /movies/genre 2026-02-26 14:31:16.002076)
2026-02-26 14:31:16 - INFO - GET /movies/genre 2026-02-26 14:31:16.114208)
2026-02-26 14:31:16 - INFO - GET /movies/genre 2026-02-26 14:31:16.115675)
2026-02-26 14:31:16 - INFO - GET /movies/genre 2026-02-26 14:31:16.115798)
2026-02-26 14:31:16 - INFO - GET /movies/genre 2026-02-26 14:31:16.255325)
2026-02-26 14:31:16 - INFO - GET /movies/genre 2026-02-26 14:31:16.470056)
2026-02-26 14:31:16 - INFO - GET /movies/genre 2026-02-26 14:31:16.534353)
2026-02-26 14:31:16 - INFO - GET /movies/genre 2026-02-26 14:31:16.534578)
2026-02-26 14:31:16 - INFO - GET /movies/genre 2026-02-26 14:31:16.591217)
2026-02-26 14:31:16 - INFO - GET /movies/genre 2026-02-26 14:31:16.593276)
2026-02-26 14:31:16 - INFO - GET /movies/genre 2026-02-26 14:31:16.868071)
2026-02-26 14:31:16 - INFO - GET /movies/genre 2026-02-26 14:31:16.874420)
2026-02-26 14:31:17 - INFO - GET /movies/genre 2026-02-26 14:31:17.003986)
2026-02-26 14:31:17 - INFO - GET /movies/genre 2026-02-26 14:31:17.004881)
2026-02-26 14:31:18 - INFO - GET /user/profile 2026-02-26 14:31:18.633806)
2026-02-26 14:31:18 - INFO - GET /user/history 2026-02-26 14:31:18.634333)
2026-02-26 14:31:18 - INFO - GET /user/favourites 2026-02-26 14:31:18.634482)
2026-02-26 14:31:18 - INFO - GET /user/profile 2026-02-26 14:31:18.643276)
2026-02-26 14:31:18 - INFO - GET /user/history 2026-02-26 14:31:18.643512)
2026-02-26 14:31:18 - INFO - GET /user/favourites 2026-02-26 14:31:18.644071)
2026-02-26 14:32:19 - INFO - GET /movies/genre 2026-02-26 14:32:19.328105)
2026-02-26 14:32:19 - INFO - GET /movies/genre 2026-02-26 14:32:19.817975)
2026-02-26 14:32:19 - INFO - GET /movies/genre 2026-02-26 14:32:19.818378)
2026-02-26 14:32:19 - INFO - GET /movies/genre 2026-02-26 14:32:19.919527)
2026-02-26 14:32:19 - INFO - GET /movies/genre 2026-02-26 14:32:19.920287)
2026-02-26 14:32:19 - INFO - GET /movies/genre 2026-02-26 14:32:19.922729)
2026-02-26 14:32:20 - INFO - GET /movies/genre 2026-02-26 14:32:20.006377)
2026-02-26 14:32:20 - INFO - GET /movies/genre 2026-02-26 14:32:20.135524)
2026-02-26 14:32:20 - INFO - GET /movies/genre 2026-02-26 14:32:20.135842)
2026-02-26 14:32:20 - INFO - GET /movies/genre 2026-02-26 14:32:20.269947)
2026-02-26 14:32:20 - INFO - GET /movies/genre 2026-02-26 14:32:20.341819)
2026-02-26 14:32:20 - INFO - GET /movies/genre 2026-02-26 14:32:20.343152)
2026-02-26 14:32:20 - INFO - GET /movies/genre 2026-02-26 14:32:20.554986)
2026-02-26 14:32:20 - INFO - GET /movies/genre 2026-02-26 14:32:20.685681)
2026-02-26 14:32:20 - INFO - GET /movies/genre 2026-02-26 14:32:20.700864)
2026-02-26 14:32:20 - INFO - GET /movies/genre 2026-02-26 14:32:20.776396)
2026-02-26 14:32:26 - INFO - GET /movies/genre 2026-02-26 14:32:26.739581)
2026-02-26 14:32:26 - INFO - GET /movies/genre 2026-02-26 14:32:26.844471)
